# --------------------------------------------------- // System
downgrade                                            # downgrade packages
# trash-cli-git                                        # cli to manage trash files
# libinput-gestures                                    # actions touchpad gestures using libinput
# gestures                                             # gui for libinput-gestures
wttrbar                                                # for weather
python-requests|wttrbar                                # script dependency
ddcui                                                  # GUI to control brightness for external monitors
# hyprgui-bin                                          # GUI for hyprland configuration // might mess your userprefs but convenient // Just disappeared
# power-profiles-daemon                                # for managing power profiles from waybar

# --------------------------------------------------- // Shell


# --------------------------------------------------- // Misc
xdg-desktop-portal-gtk                                 # xdg desktop portal using gtk
wf-recorder                                          # Screen recorder for wlroots-based compositors such as sway
# emote                                                # emoji picker gtk3
# wl-screenrec                                         # High performance hardware accelerated wlroots screen recorder // NO support for NVIDIA

# --------------------------------------------------- // Gaming
steam                                                  # gaming platform
blender
obs
obsidian
godot
# gamemode                                               # daemon and library for game optimizations
# mangohud                                               # system performance overlay
# gamescope                                            # micro-compositor for gaming
# lutris                                               # Lutris is an open source gaming platform for Linux

# --------------------------------------------------- // Music
cava                                                   # audio visualizer

# --------------------------------------------------- // Apps
neovim                                               # vim based text editor

# --------------------------------------------------- // Shell
# --------------------------------------------------- // zsh
oh-my-zsh-git|zsh                                      # Optional plugin manager for zsh
bat|zsh                                                  # enhanced version of cat
eza|zsh                                                  # file lister for zsh
duf|zsh                                                  # prettier version of df for zsh
dust|zsh                                                 # prettier version of du for zsh

# --------------------------------------------------- // Lockscreen
#swaylock-effects-git                                   # swaylock with effects // very minimal lockscreen

# --------------------------------------------------- // OSD
swayosd-git                                             #A GTK based on screen display for keyboard shortcuts like caps-lock and volume
